  r2000.c
C:\Users\Propietario\Documents\GitHub\R2000\r2000\r2000.c(71,1): warning C4047:  'inicializando': 'INT8U' es distinto en los niveles de direccionamiento indirecto de 'INT8U *'
C:\Users\Propietario\Documents\GitHub\R2000\r2000\r2000.c(61,7): warning C4101:  'b': variable local sin referencia
C:\Users\Propietario\Documents\GitHub\R2000\r2000\r2000.c(57,6): warning C4101:  'index': variable local sin referencia
C:\Users\Propietario\Documents\GitHub\R2000\r2000\r2000.c(117,7): warning C4101:  'msg': variable local sin referencia
C:\Users\Propietario\Documents\GitHub\R2000\r2000\r2000.c(126,6): warning C4101:  'index': variable local sin referencia
C:\Users\Propietario\Documents\GitHub\R2000\r2000\r2000.c(258,10): warning C4101:  'index': variable local sin referencia
C:\Users\Propietario\Documents\GitHub\R2000\r2000\r2000.c(259,10): warning C4101:  'word': variable local sin referencia
C:\Users\Propietario\Documents\GitHub\R2000\r2000\r2000.c(508,44): warning C4047:  'función': 'char *' es distinto en los niveles de direccionamiento indirecto de 'int *[4]'
C:\Users\Propietario\Documents\GitHub\R2000\r2000\r2000.c(508,44): warning C4024:  'getConnectedAntennaPorts': tipos distintos para el parámetro formal y el parámetro real 2
C:\Users\Propietario\Documents\GitHub\R2000\r2000\r2000.c(510,24): warning C4047:  'función': 'const char *' es distinto en los niveles de direccionamiento indirecto de 'int *[4]'
C:\Users\Propietario\Documents\GitHub\R2000\r2000\r2000.c(510,24): warning C4024:  'send': tipos distintos para el parámetro formal y el parámetro real 2
C:\Users\Propietario\Documents\GitHub\R2000\r2000\r2000.c(520,22): warning C4013:  'setSelectedAntena' sin definir; se supone que extern devuelve como resultado int
C:\Users\Propietario\Documents\GitHub\R2000\r2000\r2000.c(581,46): warning C4047:  'función': 'char *' es distinto en los niveles de direccionamiento indirecto de 'char *[20]'
C:\Users\Propietario\Documents\GitHub\R2000\r2000\r2000.c(581,46): warning C4024:  'setAdvancedOptions': tipos distintos para el parámetro formal y el parámetro real 3
C:\Users\Propietario\Documents\GitHub\R2000\r2000\r2000.c(606,64): warning C4022:  'CreateThread': no coincide el puntero para el parámetro real 4
C:\Users\Propietario\Documents\GitHub\R2000\r2000\r2000.c(612,63): warning C4022:  'CreateThread': no coincide el puntero para el parámetro real 4
C:\Users\Propietario\Documents\GitHub\R2000\r2000\r2000.c(618,66): warning C4022:  'CreateThread': no coincide el puntero para el parámetro real 4
C:\Users\Propietario\Documents\GitHub\R2000\r2000\r2000.c(637,67): warning C4022:  'CreateThread': no coincide el puntero para el parámetro real 4
C:\Users\Propietario\Documents\GitHub\R2000\r2000\r2000.c(315,30): warning C4101:  'antenna': variable local sin referencia
C:\Users\Propietario\Documents\GitHub\R2000\r2000\r2000.c(324,27): warning C4101:  'linkProfile': variable local sin referencia
C:\Users\Propietario\Documents\GitHub\R2000\r2000\r2000.c(312,26): warning C4101:  'pstate': variable local sin referencia
C:\Users\Propietario\Documents\GitHub\R2000\r2000\r2000.c(326,21): warning C4101:  'pRegion': variable local sin referencia
C:\Users\Propietario\Documents\GitHub\R2000\r2000\r2000.c(323,28): warning C4101:  'pmode': variable local sin referencia
C:\Users\Propietario\Documents\GitHub\R2000\r2000\r2000.c(319,13): warning C4101:  'antennaPort': variable local sin referencia
C:\Users\Propietario\Documents\GitHub\R2000\r2000\r2000.c(334,10): warning C4101:  'WSAData': variable local sin referencia
C:\Users\Propietario\Documents\GitHub\R2000\r2000\r2000.c(314,30): warning C4101:  'index': variable local sin referencia
C:\Users\Propietario\Documents\GitHub\R2000\r2000\r2000.c(320,24): warning C4101:  'pGroup': variable local sin referencia
C:\Users\Propietario\Documents\GitHub\R2000\r2000\r2000.c(318,30): warning C4101:  'antennaConfig': variable local sin referencia
C:\Users\Propietario\Documents\GitHub\R2000\r2000\r2000.c(317,30): warning C4101:  'antennaStatus': variable local sin referencia
C:\Users\Propietario\Documents\GitHub\R2000\r2000\r2000.c(338,7): warning C4101:  'buffer': variable local sin referencia
C:\Users\Propietario\Documents\GitHub\R2000\r2000\r2000.c(327,13): warning C4101:  'pRegionConfig': variable local sin referencia
C:\Users\Propietario\Documents\GitHub\R2000\r2000\r2000.c(327,13): warning C4101: C:\Users\Propietario\Documents\GitHub\R2000\r2000\r2000.c(143) : warning C4716: 'stopRead': debe devolver un valor
  r2000.vcxproj -> C:\Users\Propietario\Documents\GitHub\R2000\Debug\r2000.exe
