c:\users\propietario\source\repos\r2000\r2000\debug\r2000.pch
c:\users\propietario\source\repos\r2000\r2000\debug\vc141.pdb
c:\users\propietario\source\repos\r2000\r2000\debug\vc141.idb
c:\users\propietario\source\repos\r2000\r2000\debug\pch.obj
c:\users\propietario\source\repos\r2000\r2000\debug\network.obj
c:\users\propietario\source\repos\r2000\r2000\debug\r2000.obj
c:\users\propietario\source\repos\r2000\debug\r2000.exe
c:\users\propietario\source\repos\r2000\debug\r2000.ilk
c:\users\propietario\source\repos\r2000\debug\r2000.pdb
c:\users\propietario\documents\github\r2000\r2000\debug\network.obj
c:\users\propietario\documents\github\r2000\r2000\debug\pch.obj
c:\users\propietario\documents\github\r2000\r2000\debug\r2000.obj
c:\users\propietario\documents\github\r2000\r2000\debug\r2000.pch
c:\users\propietario\documents\github\r2000\r2000\debug\vc141.idb
c:\users\propietario\documents\github\r2000\r2000\debug\vc141.pdb
c:\users\propietario\documents\github\r2000\debug\r2000.pdb
c:\users\propietario\documents\github\r2000\r2000\debug\r2000.tlog\cl.command.1.tlog
c:\users\propietario\documents\github\r2000\r2000\debug\r2000.tlog\cl.read.1.tlog
c:\users\propietario\documents\github\r2000\r2000\debug\r2000.tlog\cl.write.1.tlog
c:\users\propietario\documents\github\r2000\r2000\debug\r2000.tlog\link.command.1.tlog
c:\users\propietario\documents\github\r2000\r2000\debug\r2000.tlog\link.read.1.tlog
c:\users\propietario\documents\github\r2000\r2000\debug\r2000.tlog\link.write.1.tlog
